android/app/build/intermediates/manifest_merge_blame_file/release/manifest-merger-blame-release-report.txt
1<?xml version="1.0" encoding="utf-8"?>
2<manifest xmlns:android="http://schemas.android.com/apk/res/android"
3    package="com.example.qr_scanner"
4    android:versionCode="1"
5    android:versionName="1.0.0" >
6
7    <uses-sdk
8        android:minSdkVersion="23"
8-->src\main\AndroidManifest.xml
9        android:targetSdkVersion="34" />
9-->src\main\AndroidManifest.xml
10
11    <uses-permission android:name="android.permission.CAMERA" />
11-->src\main\AndroidManifest.xml:2:5-64
11-->src\main\AndroidManifest.xml:2:22-62
12    <uses-permission android:name="android.permission.VIBRATE" /> <!-- Add this line -->
12-->src\main\AndroidManifest.xml:3:5-65
12-->src\main\AndroidManifest.xml:3:22-63
13    <uses-permission android:name="android.permission.RECEIVE_BOOT_COMPLETED" />
13-->src\main\AndroidManifest.xml:4:5-80
13-->src\main\AndroidManifest.xml:4:22-78
14    <uses-permission android:name="android.permission.POST_NOTIFICATIONS" />
14-->src\main\AndroidManifest.xml:5:5-76
14-->src\main\AndroidManifest.xml:5:22-74
15    <uses-permission android:name="android.permission.INTERNET" />
15-->src\main\AndroidManifest.xml:6:5-66
15-->src\main\AndroidManifest.xml:6:22-64
16    <uses-permission android:name="android.permission.WRITE_EXTERNAL_STORAGE" />
16-->src\main\AndroidManifest.xml:7:5-80
16-->src\main\AndroidManifest.xml:7:22-78
17    <uses-permission android:name="android.permission.RECEIVE_BOOT_COMPLETED" />
17-->src\main\AndroidManifest.xml:4:5-80
17-->src\main\AndroidManifest.xml:4:22-78
18
19    <queries>
19-->src\main\AndroidManifest.xml:44:5-49:15
20        <intent>
20-->src\main\AndroidManifest.xml:45:9-48:18
21            <action android:name="android.intent.action.PROCESS_TEXT" />
21-->src\main\AndroidManifest.xml:46:13-72
21-->src\main\AndroidManifest.xml:46:21-70
22
23            <data android:mimeType="text/plain" />
23-->src\main\AndroidManifest.xml:47:13-50
23-->src\main\AndroidManifest.xml:47:19-48
24        </intent>
25    </queries>
26
27    <uses-permission android:name="android.permission.WAKE_LOCK" />
27-->[:firebase_messaging] AndroidManifest.xml:10:5-68
27-->[:firebase_messaging] AndroidManifest.xml:10:22-65
28    <uses-permission android:name="android.permission.ACCESS_NETWORK_STATE" />
28-->[:firebase_messaging] AndroidManifest.xml:11:5-79
28-->[:firebase_messaging] AndroidManifest.xml:11:22-76
29
30    <uses-feature
30-->[:mobile_scanner] AndroidManifest.xml:11:5-13:36
31        android:name="android.hardware.camera"
31-->[:mobile_scanner] AndroidManifest.xml:12:9-47
32        android:required="false" />
32-->[:mobile_scanner] AndroidManifest.xml:13:9-33
33
34    <uses-permission android:name="com.google.android.gms.permission.AD_ID" />
34-->[com.google.android.gms:play-services-measurement-api:22.1.2] AndroidManifest.xml:25:5-79
34-->[com.google.android.gms:play-services-measurement-api:22.1.2] AndroidManifest.xml:25:22-76
35    <uses-permission android:name="android.permission.ACCESS_ADSERVICES_ATTRIBUTION" />
35-->[com.google.android.gms:play-services-measurement-api:22.1.2] AndroidManifest.xml:26:5-88
35-->[com.google.android.gms:play-services-measurement-api:22.1.2] AndroidManifest.xml:26:22-85
36    <uses-permission android:name="android.permission.ACCESS_ADSERVICES_AD_ID" /> <!-- Required by older versions of Google Play services to create IID tokens -->
36-->[com.google.android.gms:play-services-measurement-api:22.1.2] AndroidManifest.xml:27:5-82
36-->[com.google.android.gms:play-services-measurement-api:22.1.2] AndroidManifest.xml:27:22-79
37    <uses-permission android:name="com.google.android.c2dm.permission.RECEIVE" />
37-->[com.google.firebase:firebase-messaging:24.0.3] AndroidManifest.xml:26:5-82
37-->[com.google.firebase:firebase-messaging:24.0.3] AndroidManifest.xml:26:22-79
38    <uses-permission android:name="com.google.android.providers.gsf.permission.READ_GSERVICES" />
38-->[com.google.android.recaptcha:recaptcha:18.5.1] AndroidManifest.xml:9:5-98
38-->[com.google.android.recaptcha:recaptcha:18.5.1] AndroidManifest.xml:9:22-95
39    <uses-permission android:name="com.google.android.finsky.permission.BIND_GET_INSTALL_REFERRER_SERVICE" />
39-->[com.google.android.gms:play-services-measurement:22.1.2] AndroidManifest.xml:26:5-110
39-->[com.google.android.gms:play-services-measurement:22.1.2] AndroidManifest.xml:26:22-107
40
41    <permission
41-->[androidx.core:core:1.13.1] AndroidManifest.xml:22:5-24:47
42        android:name="com.example.qr_scanner.DYNAMIC_RECEIVER_NOT_EXPORTED_PERMISSION"
42-->[androidx.core:core:1.13.1] AndroidManifest.xml:23:9-81
43        android:protectionLevel="signature" />
43-->[androidx.core:core:1.13.1] AndroidManifest.xml:24:9-44
44
45    <uses-permission android:name="com.example.qr_scanner.DYNAMIC_RECEIVER_NOT_EXPORTED_PERMISSION" />
45-->[androidx.core:core:1.13.1] AndroidManifest.xml:26:5-97
45-->[androidx.core:core:1.13.1] AndroidManifest.xml:26:22-94
46
47    <application
47-->src\main\AndroidManifest.xml:11:5-42:19
48        android:appComponentFactory="androidx.core.app.CoreComponentFactory"
48-->[androidx.core:core:1.13.1] AndroidManifest.xml:28:18-86
49        android:extractNativeLibs="false"
50        android:icon="@mipmap/ic_launcher"
50-->src\main\AndroidManifest.xml:13:9-43
51        android:label="TechShack" >
51-->src\main\AndroidManifest.xml:12:9-34
52        <activity
52-->src\main\AndroidManifest.xml:14:9-29:20
53            android:name="com.example.qr_scanner.MainActivity"
53-->src\main\AndroidManifest.xml:15:13-41
54            android:configChanges="orientation|keyboardHidden|keyboard|screenSize|smallestScreenSize|locale|layoutDirection|fontScale|screenLayout|density|uiMode"
54-->src\main\AndroidManifest.xml:19:13-163
55            android:exported="true"
55-->src\main\AndroidManifest.xml:16:13-36
56            android:hardwareAccelerated="true"
56-->src\main\AndroidManifest.xml:20:13-47
57            android:launchMode="singleTop"
57-->src\main\AndroidManifest.xml:17:13-43
58            android:theme="@style/LaunchTheme"
58-->src\main\AndroidManifest.xml:18:13-47
59            android:windowSoftInputMode="adjustResize" >
59-->src\main\AndroidManifest.xml:21:13-55
60            <meta-data
60-->src\main\AndroidManifest.xml:22:13-24:56
61                android:name="io.flutter.embedding.android.NormalTheme"
61-->src\main\AndroidManifest.xml:23:17-72
62                android:resource="@style/NormalTheme" />
62-->src\main\AndroidManifest.xml:24:17-54
63
64            <intent-filter>
64-->src\main\AndroidManifest.xml:25:13-28:29
65                <action android:name="android.intent.action.MAIN" />
65-->src\main\AndroidManifest.xml:26:17-68
65-->src\main\AndroidManifest.xml:26:25-66
66
67                <category android:name="android.intent.category.LAUNCHER" />
67-->src\main\AndroidManifest.xml:27:17-76
67-->src\main\AndroidManifest.xml:27:27-74
68            </intent-filter>
69        </activity>
70
71        <meta-data
71-->src\main\AndroidManifest.xml:30:9-32:32
72            android:name="flutterEmbedding"
72-->src\main\AndroidManifest.xml:31:13-44
73            android:value="2" />
73-->src\main\AndroidManifest.xml:32:13-30
74        <meta-data
74-->src\main\AndroidManifest.xml:33:9-35:44
75            android:name="com.google.firebase.messaging.default_notification_channel_id"
75-->src\main\AndroidManifest.xml:34:13-89
76            android:value="stock_channel" />
76-->src\main\AndroidManifest.xml:35:13-42
77
78        <receiver
78-->src\main\AndroidManifest.xml:36:10-40:16
79            android:name="com.dexterous.flutterlocalnotifications.ScheduledNotificationBootReceiver"
79-->src\main\AndroidManifest.xml:36:20-108
80            android:exported="true" >
80-->src\main\AndroidManifest.xml:36:109-132
81            <intent-filter>
81-->src\main\AndroidManifest.xml:37:9-39:25
82                <action android:name="android.intent.action.BOOT_COMPLETED" />
82-->src\main\AndroidManifest.xml:38:13-74
82-->src\main\AndroidManifest.xml:38:21-72
83            </intent-filter>
84        </receiver>
85        <receiver
85-->src\main\AndroidManifest.xml:41:5-125
86            android:name="com.dexterous.flutterlocalnotifications.ScheduledNotificationReceiver"
86-->src\main\AndroidManifest.xml:41:15-99
87            android:exported="true" />
87-->src\main\AndroidManifest.xml:41:100-123
88
89        <service
89-->[:cloud_firestore] AndroidManifest.xml:10:9-14:19
90            android:name="com.google.firebase.components.ComponentDiscoveryService"
90-->[:cloud_firestore] AndroidManifest.xml:10:18-89
91            android:directBootAware="true"
91-->[com.google.firebase:firebase-common:21.0.0] AndroidManifest.xml:32:13-43
92            android:exported="false" >
92-->[com.google.firebase:firebase-firestore:25.1.1] AndroidManifest.xml:16:13-37
93            <meta-data
93-->[:cloud_firestore] AndroidManifest.xml:11:13-13:85
94                android:name="com.google.firebase.components:io.flutter.plugins.firebase.firestore.FlutterFirebaseFirestoreRegistrar"
94-->[:cloud_firestore] AndroidManifest.xml:12:17-134
95                android:value="com.google.firebase.components.ComponentRegistrar" />
95-->[:cloud_firestore] AndroidManifest.xml:13:17-82
96            <meta-data
96-->[:firebase_auth] AndroidManifest.xml:11:13-13:85
97                android:name="com.google.firebase.components:io.flutter.plugins.firebase.auth.FlutterFirebaseAuthRegistrar"
97-->[:firebase_auth] AndroidManifest.xml:12:17-124
98                android:value="com.google.firebase.components.ComponentRegistrar" />
98-->[:firebase_auth] AndroidManifest.xml:13:17-82
99            <meta-data
99-->[:firebase_messaging] AndroidManifest.xml:38:13-40:85
100                android:name="com.google.firebase.components:io.flutter.plugins.firebase.messaging.FlutterFirebaseAppRegistrar"
100-->[:firebase_messaging] AndroidManifest.xml:39:17-128
101                android:value="com.google.firebase.components.ComponentRegistrar" />
101-->[:firebase_messaging] AndroidManifest.xml:40:17-82
102            <meta-data
102-->[:firebase_storage] AndroidManifest.xml:11:13-13:85
103                android:name="com.google.firebase.components:io.flutter.plugins.firebase.storage.FlutterFirebaseAppRegistrar"
103-->[:firebase_storage] AndroidManifest.xml:12:17-126
104                android:value="com.google.firebase.components.ComponentRegistrar" />
104-->[:firebase_storage] AndroidManifest.xml:13:17-82
105            <meta-data
105-->[:firebase_core] AndroidManifest.xml:11:13-13:85
106                android:name="com.google.firebase.components:io.flutter.plugins.firebase.core.FlutterFirebaseCoreRegistrar"
106-->[:firebase_core] AndroidManifest.xml:12:17-124
107                android:value="com.google.firebase.components.ComponentRegistrar" />
107-->[:firebase_core] AndroidManifest.xml:13:17-82
108            <meta-data
108-->[com.google.firebase:firebase-firestore:25.1.1] AndroidManifest.xml:17:13-19:85
109                android:name="com.google.firebase.components:com.google.firebase.firestore.FirebaseFirestoreKtxRegistrar"
109-->[com.google.firebase:firebase-firestore:25.1.1] AndroidManifest.xml:18:17-122
110                android:value="com.google.firebase.components.ComponentRegistrar" />
110-->[com.google.firebase:firebase-firestore:25.1.1] AndroidManifest.xml:19:17-82
111            <meta-data
111-->[com.google.firebase:firebase-firestore:25.1.1] AndroidManifest.xml:20:13-22:85
112                android:name="com.google.firebase.components:com.google.firebase.firestore.FirestoreRegistrar"
112-->[com.google.firebase:firebase-firestore:25.1.1] AndroidManifest.xml:21:17-111
113                android:value="com.google.firebase.components.ComponentRegistrar" />
113-->[com.google.firebase:firebase-firestore:25.1.1] AndroidManifest.xml:22:17-82
114            <meta-data
114-->[com.google.firebase:firebase-storage:21.0.1] AndroidManifest.xml:30:13-32:85
115                android:name="com.google.firebase.components:com.google.firebase.storage.FirebaseStorageKtxRegistrar"
115-->[com.google.firebase:firebase-storage:21.0.1] AndroidManifest.xml:31:17-118
116                android:value="com.google.firebase.components.ComponentRegistrar" />
116-->[com.google.firebase:firebase-storage:21.0.1] AndroidManifest.xml:32:17-82
117            <meta-data
117-->[com.google.firebase:firebase-storage:21.0.1] AndroidManifest.xml:33:13-35:85
118                android:name="com.google.firebase.components:com.google.firebase.storage.StorageRegistrar"
118-->[com.google.firebase:firebase-storage:21.0.1] AndroidManifest.xml:34:17-107
119                android:value="com.google.firebase.components.ComponentRegistrar" />
119-->[com.google.firebase:firebase-storage:21.0.1] AndroidManifest.xml:35:17-82
120            <meta-data
120-->[com.google.android.gms:play-services-measurement-api:22.1.2] AndroidManifest.xml:37:13-39:85
121                android:name="com.google.firebase.components:com.google.firebase.analytics.connector.internal.AnalyticsConnectorRegistrar"
121-->[com.google.android.gms:play-services-measurement-api:22.1.2] AndroidManifest.xml:38:17-139
122                android:value="com.google.firebase.components.ComponentRegistrar" />
122-->[com.google.android.gms:play-services-measurement-api:22.1.2] AndroidManifest.xml:39:17-82
123            <meta-data
123-->[com.google.firebase:firebase-auth:23.1.0] AndroidManifest.xml:69:13-71:85
124                android:name="com.google.firebase.components:com.google.firebase.auth.FirebaseAuthRegistrar"
124-->[com.google.firebase:firebase-auth:23.1.0] AndroidManifest.xml:70:17-109
125                android:value="com.google.firebase.components.ComponentRegistrar" />
125-->[com.google.firebase:firebase-auth:23.1.0] AndroidManifest.xml:71:17-82
126            <meta-data
126-->[com.google.firebase:firebase-messaging:24.0.3] AndroidManifest.xml:57:13-59:85
127                android:name="com.google.firebase.components:com.google.firebase.messaging.FirebaseMessagingKtxRegistrar"
127-->[com.google.firebase:firebase-messaging:24.0.3] AndroidManifest.xml:58:17-122
128                android:value="com.google.firebase.components.ComponentRegistrar" />
128-->[com.google.firebase:firebase-messaging:24.0.3] AndroidManifest.xml:59:17-82
129            <meta-data
129-->[com.google.firebase:firebase-messaging:24.0.3] AndroidManifest.xml:60:13-62:85
130                android:name="com.google.firebase.components:com.google.firebase.messaging.FirebaseMessagingRegistrar"
130-->[com.google.firebase:firebase-messaging:24.0.3] AndroidManifest.xml:61:17-119
131                android:value="com.google.firebase.components.ComponentRegistrar" />
131-->[com.google.firebase:firebase-messaging:24.0.3] AndroidManifest.xml:62:17-82
132            <meta-data
132-->[com.google.firebase:firebase-appcheck:18.0.0] AndroidManifest.xml:25:13-27:85
133                android:name="com.google.firebase.components:com.google.firebase.appcheck.FirebaseAppCheckKtxRegistrar"
133-->[com.google.firebase:firebase-appcheck:18.0.0] AndroidManifest.xml:26:17-120
134                android:value="com.google.firebase.components.ComponentRegistrar" />
134-->[com.google.firebase:firebase-appcheck:18.0.0] AndroidManifest.xml:27:17-82
135            <meta-data
135-->[com.google.firebase:firebase-appcheck:18.0.0] AndroidManifest.xml:28:13-30:85
136                android:name="com.google.firebase.components:com.google.firebase.appcheck.FirebaseAppCheckRegistrar"
136-->[com.google.firebase:firebase-appcheck:18.0.0] AndroidManifest.xml:29:17-117
137                android:value="com.google.firebase.components.ComponentRegistrar" />
137-->[com.google.firebase:firebase-appcheck:18.0.0] AndroidManifest.xml:30:17-82
138            <meta-data
138-->[com.google.firebase:firebase-installations:18.0.0] AndroidManifest.xml:15:13-17:85
139                android:name="com.google.firebase.components:com.google.firebase.installations.FirebaseInstallationsKtxRegistrar"
139-->[com.google.firebase:firebase-installations:18.0.0] AndroidManifest.xml:16:17-130
140                android:value="com.google.firebase.components.ComponentRegistrar" />
140-->[com.google.firebase:firebase-installations:18.0.0] AndroidManifest.xml:17:17-82
141            <meta-data
141-->[com.google.firebase:firebase-installations:18.0.0] AndroidManifest.xml:18:13-20:85
142                android:name="com.google.firebase.components:com.google.firebase.installations.FirebaseInstallationsRegistrar"
142-->[com.google.firebase:firebase-installations:18.0.0] AndroidManifest.xml:19:17-127
143                android:value="com.google.firebase.components.ComponentRegistrar" />
143-->[com.google.firebase:firebase-installations:18.0.0] AndroidManifest.xml:20:17-82
144            <meta-data
144-->[com.google.firebase:firebase-common-ktx:21.0.0] AndroidManifest.xml:12:13-14:85
145                android:name="com.google.firebase.components:com.google.firebase.ktx.FirebaseCommonLegacyRegistrar"
145-->[com.google.firebase:firebase-common-ktx:21.0.0] AndroidManifest.xml:13:17-116
146                android:value="com.google.firebase.components.ComponentRegistrar" />
146-->[com.google.firebase:firebase-common-ktx:21.0.0] AndroidManifest.xml:14:17-82
147            <meta-data
147-->[com.google.firebase:firebase-common:21.0.0] AndroidManifest.xml:35:13-37:85
148                android:name="com.google.firebase.components:com.google.firebase.FirebaseCommonKtxRegistrar"
148-->[com.google.firebase:firebase-common:21.0.0] AndroidManifest.xml:36:17-109
149                android:value="com.google.firebase.components.ComponentRegistrar" />
149-->[com.google.firebase:firebase-common:21.0.0] AndroidManifest.xml:37:17-82
150            <meta-data
150-->[com.google.firebase:firebase-datatransport:18.2.0] AndroidManifest.xml:25:13-27:85
151                android:name="com.google.firebase.components:com.google.firebase.datatransport.TransportRegistrar"
151-->[com.google.firebase:firebase-datatransport:18.2.0] AndroidManifest.xml:26:17-115
152                android:value="com.google.firebase.components.ComponentRegistrar" />
152-->[com.google.firebase:firebase-datatransport:18.2.0] AndroidManifest.xml:27:17-82
153        </service>
154        <service
154-->[:firebase_messaging] AndroidManifest.xml:16:9-19:72
155            android:name="io.flutter.plugins.firebase.messaging.FlutterFirebaseMessagingBackgroundService"
155-->[:firebase_messaging] AndroidManifest.xml:17:13-107
156            android:exported="false"
156-->[:firebase_messaging] AndroidManifest.xml:18:13-37
157            android:permission="android.permission.BIND_JOB_SERVICE" />
157-->[:firebase_messaging] AndroidManifest.xml:19:13-69
158        <service
158-->[:firebase_messaging] AndroidManifest.xml:20:9-26:19
159            android:name="io.flutter.plugins.firebase.messaging.FlutterFirebaseMessagingService"
159-->[:firebase_messaging] AndroidManifest.xml:21:13-97
160            android:exported="false" >
160-->[:firebase_messaging] AndroidManifest.xml:22:13-37
161            <intent-filter>
161-->[:firebase_messaging] AndroidManifest.xml:23:13-25:29
162                <action android:name="com.google.firebase.MESSAGING_EVENT" />
162-->[:firebase_messaging] AndroidManifest.xml:24:17-78
162-->[:firebase_messaging] AndroidManifest.xml:24:25-75
163            </intent-filter>
164        </service>
165
166        <receiver
166-->[:firebase_messaging] AndroidManifest.xml:28:9-35:20
167            android:name="io.flutter.plugins.firebase.messaging.FlutterFirebaseMessagingReceiver"
167-->[:firebase_messaging] AndroidManifest.xml:29:13-98
168            android:exported="true"
168-->[:firebase_messaging] AndroidManifest.xml:30:13-36
169            android:permission="com.google.android.c2dm.permission.SEND" >
169-->[:firebase_messaging] AndroidManifest.xml:31:13-73
170            <intent-filter>
170-->[:firebase_messaging] AndroidManifest.xml:32:13-34:29
171                <action android:name="com.google.android.c2dm.intent.RECEIVE" />
171-->[:firebase_messaging] AndroidManifest.xml:33:17-81
171-->[:firebase_messaging] AndroidManifest.xml:33:25-78
172            </intent-filter>
173        </receiver>
174
175        <provider
175-->[:firebase_messaging] AndroidManifest.xml:43:9-47:38
176            android:name="io.flutter.plugins.firebase.messaging.FlutterFirebaseMessagingInitProvider"
176-->[:firebase_messaging] AndroidManifest.xml:44:13-102
177            android:authorities="com.example.qr_scanner.flutterfirebasemessaginginitprovider"
177-->[:firebase_messaging] AndroidManifest.xml:45:13-88
178            android:exported="false"
178-->[:firebase_messaging] AndroidManifest.xml:46:13-37
179            android:initOrder="99" />
179-->[:firebase_messaging] AndroidManifest.xml:47:13-35
180
181        <property
181-->[com.google.android.gms:play-services-measurement-api:22.1.2] AndroidManifest.xml:30:9-32:61
182            android:name="android.adservices.AD_SERVICES_CONFIG"
182-->[com.google.android.gms:play-services-measurement-api:22.1.2] AndroidManifest.xml:31:13-65
183            android:resource="@xml/ga_ad_services_config" />
183-->[com.google.android.gms:play-services-measurement-api:22.1.2] AndroidManifest.xml:32:13-58
184
185        <activity
185-->[com.google.firebase:firebase-auth:23.1.0] AndroidManifest.xml:29:9-46:20
186            android:name="com.google.firebase.auth.internal.GenericIdpActivity"
186-->[com.google.firebase:firebase-auth:23.1.0] AndroidManifest.xml:30:13-80
187            android:excludeFromRecents="true"
187-->[com.google.firebase:firebase-auth:23.1.0] AndroidManifest.xml:31:13-46
188            android:exported="true"
188-->[com.google.firebase:firebase-auth:23.1.0] AndroidManifest.xml:32:13-36
189            android:launchMode="singleTask"
189-->[com.google.firebase:firebase-auth:23.1.0] AndroidManifest.xml:33:13-44
190            android:theme="@android:style/Theme.Translucent.NoTitleBar" >
190-->[com.google.firebase:firebase-auth:23.1.0] AndroidManifest.xml:34:13-72
191            <intent-filter>
191-->[com.google.firebase:firebase-auth:23.1.0] AndroidManifest.xml:35:13-45:29
192                <action android:name="android.intent.action.VIEW" />
192-->[com.google.firebase:firebase-auth:23.1.0] AndroidManifest.xml:36:17-69
192-->[com.google.firebase:firebase-auth:23.1.0] AndroidManifest.xml:36:25-66
193
194                <category android:name="android.intent.category.DEFAULT" />
194-->[com.google.firebase:firebase-auth:23.1.0] AndroidManifest.xml:38:17-76
194-->[com.google.firebase:firebase-auth:23.1.0] AndroidManifest.xml:38:27-73
195                <category android:name="android.intent.category.BROWSABLE" />
195-->[com.google.firebase:firebase-auth:23.1.0] AndroidManifest.xml:39:17-78
195-->[com.google.firebase:firebase-auth:23.1.0] AndroidManifest.xml:39:27-75
196
197                <data
197-->src\main\AndroidManifest.xml:47:13-50
198                    android:host="firebase.auth"
199                    android:path="/"
200                    android:scheme="genericidp" />
201            </intent-filter>
202        </activity>
203        <activity
203-->[com.google.firebase:firebase-auth:23.1.0] AndroidManifest.xml:47:9-64:20
204            android:name="com.google.firebase.auth.internal.RecaptchaActivity"
204-->[com.google.firebase:firebase-auth:23.1.0] AndroidManifest.xml:48:13-79
205            android:excludeFromRecents="true"
205-->[com.google.firebase:firebase-auth:23.1.0] AndroidManifest.xml:49:13-46
206            android:exported="true"
206-->[com.google.firebase:firebase-auth:23.1.0] AndroidManifest.xml:50:13-36
207            android:launchMode="singleTask"
207-->[com.google.firebase:firebase-auth:23.1.0] AndroidManifest.xml:51:13-44
208            android:theme="@android:style/Theme.Translucent.NoTitleBar" >
208-->[com.google.firebase:firebase-auth:23.1.0] AndroidManifest.xml:52:13-72
209            <intent-filter>
209-->[com.google.firebase:firebase-auth:23.1.0] AndroidManifest.xml:53:13-63:29
210                <action android:name="android.intent.action.VIEW" />
210-->[com.google.firebase:firebase-auth:23.1.0] AndroidManifest.xml:36:17-69
210-->[com.google.firebase:firebase-auth:23.1.0] AndroidManifest.xml:36:25-66
211
212                <category android:name="android.intent.category.DEFAULT" />
212-->[com.google.firebase:firebase-auth:23.1.0] AndroidManifest.xml:38:17-76
212-->[com.google.firebase:firebase-auth:23.1.0] AndroidManifest.xml:38:27-73
213                <category android:name="android.intent.category.BROWSABLE" />
213-->[com.google.firebase:firebase-auth:23.1.0] AndroidManifest.xml:39:17-78
213-->[com.google.firebase:firebase-auth:23.1.0] AndroidManifest.xml:39:27-75
214
215                <data
215-->src\main\AndroidManifest.xml:47:13-50
216                    android:host="firebase.auth"
217                    android:path="/"
218                    android:scheme="recaptcha" />
219            </intent-filter>
220        </activity>
221
222        <receiver
222-->[com.google.firebase:firebase-messaging:24.0.3] AndroidManifest.xml:29:9-40:20
223            android:name="com.google.firebase.iid.FirebaseInstanceIdReceiver"
223-->[com.google.firebase:firebase-messaging:24.0.3] AndroidManifest.xml:30:13-78
224            android:exported="true"
224-->[com.google.firebase:firebase-messaging:24.0.3] AndroidManifest.xml:31:13-36
225            android:permission="com.google.android.c2dm.permission.SEND" >
225-->[com.google.firebase:firebase-messaging:24.0.3] AndroidManifest.xml:32:13-73
226            <intent-filter>
226-->[:firebase_messaging] AndroidManifest.xml:32:13-34:29
227                <action android:name="com.google.android.c2dm.intent.RECEIVE" />
227-->[:firebase_messaging] AndroidManifest.xml:33:17-81
227-->[:firebase_messaging] AndroidManifest.xml:33:25-78
228            </intent-filter>
229
230            <meta-data
230-->[com.google.firebase:firebase-messaging:24.0.3] AndroidManifest.xml:37:13-39:40
231                android:name="com.google.android.gms.cloudmessaging.FINISHED_AFTER_HANDLED"
231-->[com.google.firebase:firebase-messaging:24.0.3] AndroidManifest.xml:38:17-92
232                android:value="true" />
232-->[com.google.firebase:firebase-messaging:24.0.3] AndroidManifest.xml:39:17-37
233        </receiver>
234        <!--
235             FirebaseMessagingService performs security checks at runtime,
236             but set to not exported to explicitly avoid allowing another app to call it.
237        -->
238        <service
238-->[com.google.firebase:firebase-messaging:24.0.3] AndroidManifest.xml:46:9-53:19
239            android:name="com.google.firebase.messaging.FirebaseMessagingService"
239-->[com.google.firebase:firebase-messaging:24.0.3] AndroidManifest.xml:47:13-82
240            android:directBootAware="true"
240-->[com.google.firebase:firebase-messaging:24.0.3] AndroidManifest.xml:48:13-43
241            android:exported="false" >
241-->[com.google.firebase:firebase-messaging:24.0.3] AndroidManifest.xml:49:13-37
242            <intent-filter android:priority="-500" >
242-->[:firebase_messaging] AndroidManifest.xml:23:13-25:29
243                <action android:name="com.google.firebase.MESSAGING_EVENT" />
243-->[:firebase_messaging] AndroidManifest.xml:24:17-78
243-->[:firebase_messaging] AndroidManifest.xml:24:25-75
244            </intent-filter>
245        </service>
246        <service
246-->[androidx.credentials:credentials-play-services-auth:1.2.0-rc01] AndroidManifest.xml:24:9-32:19
247            android:name="androidx.credentials.playservices.CredentialProviderMetadataHolder"
247-->[androidx.credentials:credentials-play-services-auth:1.2.0-rc01] AndroidManifest.xml:25:13-94
248            android:enabled="true"
248-->[androidx.credentials:credentials-play-services-auth:1.2.0-rc01] AndroidManifest.xml:26:13-35
249            android:exported="false" >
249-->[androidx.credentials:credentials-play-services-auth:1.2.0-rc01] AndroidManifest.xml:27:13-37
250            <meta-data
250-->[androidx.credentials:credentials-play-services-auth:1.2.0-rc01] AndroidManifest.xml:29:13-31:104
251                android:name="androidx.credentials.CREDENTIAL_PROVIDER_KEY"
251-->[androidx.credentials:credentials-play-services-auth:1.2.0-rc01] AndroidManifest.xml:30:17-76
252                android:value="androidx.credentials.playservices.CredentialProviderPlayServicesImpl" />
252-->[androidx.credentials:credentials-play-services-auth:1.2.0-rc01] AndroidManifest.xml:31:17-101
253        </service>
254
255        <activity
255-->[androidx.credentials:credentials-play-services-auth:1.2.0-rc01] AndroidManifest.xml:34:9-41:20
256            android:name="androidx.credentials.playservices.HiddenActivity"
256-->[androidx.credentials:credentials-play-services-auth:1.2.0-rc01] AndroidManifest.xml:35:13-76
257            android:configChanges="orientation|screenSize|screenLayout|keyboardHidden"
257-->[androidx.credentials:credentials-play-services-auth:1.2.0-rc01] AndroidManifest.xml:36:13-87
258            android:enabled="true"
258-->[androidx.credentials:credentials-play-services-auth:1.2.0-rc01] AndroidManifest.xml:37:13-35
259            android:exported="false"
259-->[androidx.credentials:credentials-play-services-auth:1.2.0-rc01] AndroidManifest.xml:38:13-37
260            android:fitsSystemWindows="true"
260-->[androidx.credentials:credentials-play-services-auth:1.2.0-rc01] AndroidManifest.xml:39:13-45
261            android:theme="@style/Theme.Hidden" >
261-->[androidx.credentials:credentials-play-services-auth:1.2.0-rc01] AndroidManifest.xml:40:13-48
262        </activity>
263        <!--
264        Service for holding metadata. Cannot be instantiated.
265        Metadata will be merged from other manifests.
266        -->
267        <service
267-->[androidx.camera:camera-core:1.3.4] AndroidManifest.xml:29:9-33:78
268            android:name="androidx.camera.core.impl.MetadataHolderService"